              :-) GROMACS - gmx mdrun, 2022.5-Debian_2022.5_2 (-:

Copyright 1991-2022 The GROMACS Authors.
GROMACS is free software; you can redistribute it and/or modify it
under the terms of the GNU Lesser General Public License
as published by the Free Software Foundation; either version 2.1
of the License, or (at your option) any later version.

                         Current GROMACS contributors:
       Mark Abraham           Andrey Alekseenko           Cathrine Bergh      
      Christian Blau            Eliane Briand               Kevin Boyd        
     Oliver Fleetwood         Stefan Fleischmann           Vytas Gapsys       
       Gaurav Garg           Gilles Gouaillardet            Alan Gray         
      Victor Holanda           M. Eric Irrgang              Joe Jordan        
    Christoph Junghans        Prashanth Kanduri           Sebastian Kehl      
     Sebastian Keller          Carsten Kutzner           Magnus Lundborg      
       Pascal Merz              Dmitry Morozov             Szilard Pall       
      Roland Schulz             Michael Shirts         David van der Spoel    
     Alessandra Villa      Sebastian Wingbermuehle        Artem Zhmurov       

                         Previous GROMACS contributors:
        Emile Apol             Rossen Apostolov           James Barnett       
  Herman J.C. Berendsen          Par Bjelkmar           Viacheslav Bolnykh    
    Aldert van Buuren          Carlo Camilloni           Rudi van Drunen      
      Anton Feenstra           Gerrit Groenhof            Bert de Groot       
      Anca Hamuraru           Vincent Hindriksen         Aleksei Iupinov      
   Dimitrios Karkoulis           Peter Kasson               Jiri Kraus        
       Per Larsson             Justin A. Lemkul           Viveca Lindahl      
      Erik Marklund           Pieter Meulenhoff           Vedran Miletic      
      Teemu Murtola              Sander Pronk            Alexey Shvetsov      
      Alfons Sijbers            Peter Tieleman             Jon Vincent        
     Teemu Virolainen         Christian Wennberg           Maarten Wolf       

                  Coordinated by the GROMACS project leaders:
                    Paul Bauer, Berk Hess, and Erik Lindahl

GROMACS:      gmx mdrun, version 2022.5-Debian_2022.5_2
Executable:   /usr/bin/gmx
Data prefix:  /usr
Working dir:  /home/fastm2/Documents/classes/597K/bioinformatics/lab9
Process ID:   407742
Command line:
  gmx mdrun -v -deffnm lab9_npt

GROMACS version:    2022.5-Debian_2022.5_2
Precision:          mixed
Memory model:       64 bit
MPI library:        thread_mpi
OpenMP support:     enabled (GMX_OPENMP_MAX_THREADS = 128)
GPU support:        disabled
SIMD instructions:  SSE4.1
CPU FFT library:    fftw-3.3.10-sse2-avx
GPU FFT library:    none
RDTSCP usage:       enabled
TNG support:        enabled
Hwloc support:      hwloc-2.8.0
Tracing support:    disabled
C compiler:         /usr/bin/cc GNU 12.2.0
C compiler flags:   -msse4.1 -Wno-missing-field-initializers -fexcess-precision=fast -funroll-all-loops -O3 -DNDEBUG
C++ compiler:       /usr/bin/c++ GNU 12.2.0
C++ compiler flags: -msse4.1 -Wno-missing-field-initializers -fexcess-precision=fast -funroll-all-loops -fopenmp -O3 -DNDEBUG


Running on 1 node with total 8 cores, 16 processing units
Hardware detected:
  CPU info:
    Vendor: Intel
    Brand:  11th Gen Intel(R) Core(TM) i7-11700 @ 2.50GHz
    Family: 6   Model: 167   Stepping: 1
    Features: aes apic avx avx2 avx512f avx512cd avx512bw avx512vl avx512secondFMA clfsh cmov cx8 cx16 f16c fma htt intel lahf mmx msr nonstop_tsc pcid pclmuldq pdcm pdpe1gb popcnt pse rdrnd rdtscp sha sse2 sse3 sse4.1 sse4.2 ssse3 tdt x2apic
    Number of AVX-512 FMA units: Cannot run AVX-512 detection - assuming 2
  Hardware topology: Full, with devices
    Packages, cores, and logical processors:
    [indices refer to OS logical processors]
      Package  0: [   0   8] [   1   9] [   2  10] [   3  11] [   4  12] [   5  13] [   6  14] [   7  15]
    CPU limit set by OS: -1   Recommended max number of threads: 16
    Numa nodes:
      Node  0 (16480243712 bytes mem):   0   8   1   9   2  10   3  11   4  12   5  13   6  14   7  15
      Latency:
               0
         0  1.00
    Caches:
      L1: 49152 bytes, linesize 64 bytes, assoc. 12, shared 2 ways
      L2: 524288 bytes, linesize 64 bytes, assoc. 8, shared 2 ways
      L3: 16777216 bytes, linesize 64 bytes, assoc. 16, shared 16 ways
    PCI devices:
      0000:01:00.0  Id: 10de:1f82  Class: 0x0300  Numa: 0
      0000:00:02.0  Id: 8086:4c8a  Class: 0x0300  Numa: 0
      0000:02:00.0  Id: 15b7:5011  Class: 0x0108  Numa: 0
      0000:00:17.0  Id: 8086:43d6  Class: 0x0104  Numa: 0
      0000:00:1f.6  Id: 8086:15f9  Class: 0x0200  Numa: 0

Highest SIMD level supported by all nodes in run: AVX_512
SIMD instructions selected at compile time:       SSE4.1
This program was compiled for different hardware than you are running on,
which could influence performance.

++++ PLEASE READ AND CITE THE FOLLOWING REFERENCE ++++
M. J. Abraham, T. Murtola, R. Schulz, S. Páll, J. C. Smith, B. Hess, E.
Lindahl
GROMACS: High performance molecular simulations through multi-level
parallelism from laptops to supercomputers
SoftwareX 1 (2015) pp. 19-25
-------- -------- --- Thank You --- -------- --------


++++ PLEASE READ AND CITE THE FOLLOWING REFERENCE ++++
S. Páll, M. J. Abraham, C. Kutzner, B. Hess, E. Lindahl
Tackling Exascale Software Challenges in Molecular Dynamics Simulations with
GROMACS
In S. Markidis & E. Laure (Eds.), Solving Software Challenges for Exascale 8759 (2015) pp. 3-27
-------- -------- --- Thank You --- -------- --------


++++ PLEASE READ AND CITE THE FOLLOWING REFERENCE ++++
S. Pronk, S. Páll, R. Schulz, P. Larsson, P. Bjelkmar, R. Apostolov, M. R.
Shirts, J. C. Smith, P. M. Kasson, D. van der Spoel, B. Hess, and E. Lindahl
GROMACS 4.5: a high-throughput and highly parallel open source molecular
simulation toolkit
Bioinformatics 29 (2013) pp. 845-54
-------- -------- --- Thank You --- -------- --------


++++ PLEASE READ AND CITE THE FOLLOWING REFERENCE ++++
B. Hess and C. Kutzner and D. van der Spoel and E. Lindahl
GROMACS 4: Algorithms for highly efficient, load-balanced, and scalable
molecular simulation
J. Chem. Theory Comput. 4 (2008) pp. 435-447
-------- -------- --- Thank You --- -------- --------


++++ PLEASE READ AND CITE THE FOLLOWING REFERENCE ++++
D. van der Spoel, E. Lindahl, B. Hess, G. Groenhof, A. E. Mark and H. J. C.
Berendsen
GROMACS: Fast, Flexible and Free
J. Comp. Chem. 26 (2005) pp. 1701-1719
-------- -------- --- Thank You --- -------- --------


++++ PLEASE READ AND CITE THE FOLLOWING REFERENCE ++++
E. Lindahl and B. Hess and D. van der Spoel
GROMACS 3.0: A package for molecular simulation and trajectory analysis
J. Mol. Mod. 7 (2001) pp. 306-317
-------- -------- --- Thank You --- -------- --------


++++ PLEASE READ AND CITE THE FOLLOWING REFERENCE ++++
H. J. C. Berendsen, D. van der Spoel and R. van Drunen
GROMACS: A message-passing parallel molecular dynamics implementation
Comp. Phys. Comm. 91 (1995) pp. 43-56
-------- -------- --- Thank You --- -------- --------

Input Parameters:
   integrator                     = md
   tinit                          = 0
   dt                             = 0.002
   nsteps                         = 5000
   init-step                      = 0
   simulation-part                = 1
   mts                            = false
   comm-mode                      = Linear
   nstcomm                        = 100
   bd-fric                        = 0
   ld-seed                        = -37230918
   emtol                          = 10
   emstep                         = 0.01
   niter                          = 20
   fcstep                         = 0
   nstcgsteep                     = 1000
   nbfgscorr                      = 10
   rtpi                           = 0.05
   nstxout                        = 500
   nstvout                        = 500
   nstfout                        = 0
   nstlog                         = 500
   nstcalcenergy                  = 100
   nstenergy                      = 500
   nstxout-compressed             = 0
   compressed-x-precision         = 1000
   cutoff-scheme                  = Verlet
   nstlist                        = 10
   pbc                            = xyz
   periodic-molecules             = false
   verlet-buffer-tolerance        = 0.005
   rlist                          = 1
   coulombtype                    = PME
   coulomb-modifier               = Potential-shift
   rcoulomb-switch                = 0
   rcoulomb                       = 1
   epsilon-r                      = 1
   epsilon-rf                     = inf
   vdw-type                       = Cut-off
   vdw-modifier                   = Potential-shift
   rvdw-switch                    = 0
   rvdw                           = 1
   DispCorr                       = EnerPres
   table-extension                = 1
   fourierspacing                 = 0.16
   fourier-nx                     = 44
   fourier-ny                     = 44
   fourier-nz                     = 44
   pme-order                      = 4
   ewald-rtol                     = 1e-05
   ewald-rtol-lj                  = 0.001
   lj-pme-comb-rule               = Geometric
   ewald-geometry                 = 3d
   epsilon-surface                = 0
   tcoupl                         = V-rescale
   nsttcouple                     = 10
   nh-chain-length                = 0
   print-nose-hoover-chain-variables = false
   pcoupl                         = Parrinello-Rahman
   pcoupltype                     = Isotropic
   nstpcouple                     = 10
   tau-p                          = 2
   compressibility (3x3):
      compressibility[    0]={ 4.50000e-05,  0.00000e+00,  0.00000e+00}
      compressibility[    1]={ 0.00000e+00,  4.50000e-05,  0.00000e+00}
      compressibility[    2]={ 0.00000e+00,  0.00000e+00,  4.50000e-05}
   ref-p (3x3):
      ref-p[    0]={ 1.00000e+00,  0.00000e+00,  0.00000e+00}
      ref-p[    1]={ 0.00000e+00,  1.00000e+00,  0.00000e+00}
      ref-p[    2]={ 0.00000e+00,  0.00000e+00,  1.00000e+00}
   refcoord-scaling               = COM
   posres-com (3):
      posres-com[0]= 5.01367e-01
      posres-com[1]= 5.00732e-01
      posres-com[2]= 5.02113e-01
   posres-comB (3):
      posres-comB[0]= 5.01367e-01
      posres-comB[1]= 5.00732e-01
      posres-comB[2]= 5.02113e-01
   QMMM                           = false
qm-opts:
   ngQM                           = 0
   constraint-algorithm           = Lincs
   continuation                   = true
   Shake-SOR                      = false
   shake-tol                      = 0.0001
   lincs-order                    = 4
   lincs-iter                     = 1
   lincs-warnangle                = 30
   nwall                          = 0
   wall-type                      = 9-3
   wall-r-linpot                  = -1
   wall-atomtype[0]               = -1
   wall-atomtype[1]               = -1
   wall-density[0]                = 0
   wall-density[1]                = 0
   wall-ewald-zfac                = 3
   pull                           = false
   awh                            = false
   rotation                       = false
   interactiveMD                  = false
   disre                          = No
   disre-weighting                = Conservative
   disre-mixed                    = false
   dr-fc                          = 1000
   dr-tau                         = 0
   nstdisreout                    = 100
   orire-fc                       = 0
   orire-tau                      = 0
   nstorireout                    = 100
   free-energy                    = no
   cos-acceleration               = 0
   deform (3x3):
      deform[    0]={ 0.00000e+00,  0.00000e+00,  0.00000e+00}
      deform[    1]={ 0.00000e+00,  0.00000e+00,  0.00000e+00}
      deform[    2]={ 0.00000e+00,  0.00000e+00,  0.00000e+00}
   simulated-tempering            = false
   swapcoords                     = no
   userint1                       = 0
   userint2                       = 0
   userint3                       = 0
   userint4                       = 0
   userreal1                      = 0
   userreal2                      = 0
   userreal3                      = 0
   userreal4                      = 0
   applied-forces:
     electric-field:
       x:
         E0                       = 0
         omega                    = 0
         t0                       = 0
         sigma                    = 0
       y:
         E0                       = 0
         omega                    = 0
         t0                       = 0
         sigma                    = 0
       z:
         E0                       = 0
         omega                    = 0
         t0                       = 0
         sigma                    = 0
     density-guided-simulation:
       active                     = false
       group                      = protein
       similarity-measure         = inner-product
       atom-spreading-weight      = unity
       force-constant             = 1e+09
       gaussian-transform-spreading-width = 0.2
       gaussian-transform-spreading-range-in-multiples-of-width = 4
       reference-density-filename = reference.mrc
       nst                        = 1
       normalize-densities        = true
       adaptive-force-scaling     = false
       adaptive-force-scaling-time-constant = 4
       shift-vector               = 
       transformation-matrix      = 
     qmmm-cp2k:
       active                     = false
       qmgroup                    = System
       qmmethod                   = PBE
       qmfilenames                = 
       qmcharge                   = 0
       qmmultiplicity             = 1
grpopts:
   nrdf:     3114.85     59913.1
   ref-t:         300         300
   tau-t:         0.1         0.1
annealing:          No          No
annealing-npoints:           0           0
   acc:	           0           0           0
   nfreeze:           N           N           N
   energygrp-flags[  0]: 0

Changing nstlist from 10 to 50, rlist from 1 to 1.115

When checking whether update groups are usable:
  At least one moleculetype does not conform to the requirements for using update groups

Initializing Domain Decomposition on 1 ranks
Dynamic load balancing: auto
Minimum cell size due to atom displacement: 0.471 nm
Initial maximum distances in bonded interactions:
    two-body bonded interactions: 0.426 nm, LJ-14, atoms 557 565
  multi-body bonded interactions: 0.426 nm, Proper Dih., atoms 557 565
Minimum cell size due to bonded interactions: 0.469 nm
Maximum distance for 5 constraints, at 120 deg. angles, all-trans: 0.819 nm
Estimated maximum distance required for P-LINCS: 0.819 nm
This distance will limit the DD cell size, you can override this with -rcon
Using 0 separate PME ranks because: there are too few total ranks for efficient splitting
Optimizing the DD grid for 1 cells with a minimum initial size of 0.819 nm
The maximum allowed number of cells is: X 8 Y 8 Z 8
Domain decomposition grid 1 x 1 x 1, separate PME ranks 0
PME domain decomposition: 1 x 1 x 1

The initial number of communication pulses is:
The initial domain decomposition cell size is:

The maximum allowed distance for atoms involved in interactions is:
                 non-bonded interactions           1.115 nm
(the following are initial values, they could change due to box deformation)
            two-body bonded interactions  (-rdd)   1.115 nm
          multi-body bonded interactions  (-rdd)   1.115 nm
  atoms separated by up to 5 constraints  (-rcon)  6.848 nm

When dynamic load balancing gets turned on, these settings will change to:
The maximum number of communication pulses is:
The minimum size for domain decomposition cells is 1.115 nm
The requested allowed shrink of DD cells (option -dds) is: 0.80
The allowed shrink of domain decomposition cells is:
The maximum allowed distance for atoms involved in interactions is:
                 non-bonded interactions           1.115 nm
            two-body bonded interactions  (-rdd)   1.115 nm
          multi-body bonded interactions  (-rdd)   1.115 nm
  atoms separated by up to 5 constraints  (-rcon)  1.115 nm

Using 1 MPI thread
Using 16 OpenMP threads 

Pinning threads with an auto-selected logical cpu stride of 1
System total charge: 2.000
Will do PME sum in reciprocal space for electrostatic interactions.

++++ PLEASE READ AND CITE THE FOLLOWING REFERENCE ++++
U. Essmann, L. Perera, M. L. Berkowitz, T. Darden, H. Lee and L. G. Pedersen 
A smooth particle mesh Ewald method
J. Chem. Phys. 103 (1995) pp. 8577-8592
-------- -------- --- Thank You --- -------- --------

Using a Gaussian width (1/beta) of 0.320163 nm for Ewald
Potential shift: LJ r^-12: -1.000e+00 r^-6: -1.000e+00, Ewald -1.000e-05
Initialized non-bonded Coulomb Ewald tables, spacing: 9.33e-04 size: 1073

Generated table with 1057 data points for 1-4 COUL.
Tabscale = 500 points/nm
Generated table with 1057 data points for 1-4 LJ6.
Tabscale = 500 points/nm
Generated table with 1057 data points for 1-4 LJ12.
Tabscale = 500 points/nm
Long Range LJ corr.: <C6> 3.1204e-04


Using SIMD 4x4 nonbonded short-range kernels

Using a dual 4x4 pair-list setup updated with dynamic pruning:
  outer list: updated every 50 steps, buffer 0.115 nm, rlist 1.115 nm
  inner list: updated every 12 steps, buffer 0.002 nm, rlist 1.002 nm
At tolerance 0.005 kJ/mol/ps per atom, equivalent classical 1x1 list would be:
  outer list: updated every 50 steps, buffer 0.244 nm, rlist 1.244 nm
  inner list: updated every 12 steps, buffer 0.047 nm, rlist 1.047 nm

Using Lorentz-Berthelot Lennard-Jones combination rule

Linking all bonded interactions to atoms


Initializing Parallel LINear Constraint Solver

++++ PLEASE READ AND CITE THE FOLLOWING REFERENCE ++++
B. Hess
P-LINCS: A Parallel Linear Constraint Solver for molecular simulation
J. Chem. Theory Comput. 4 (2008) pp. 116-122
-------- -------- --- Thank You --- -------- --------

The number of constraints is 1577
There are constraints between atoms in different decomposition domains,
will communicate selected coordinates each lincs iteration

++++ PLEASE READ AND CITE THE FOLLOWING REFERENCE ++++
S. Miyamoto and P. A. Kollman
SETTLE: An Analytical Version of the SHAKE and RATTLE Algorithms for Rigid
Water Models
J. Comp. Chem. 13 (1992) pp. 952-962
-------- -------- --- Thank You --- -------- --------


++++ PLEASE READ AND CITE THE FOLLOWING REFERENCE ++++
G. Bussi, D. Donadio and M. Parrinello
Canonical sampling through velocity rescaling
J. Chem. Phys. 126 (2007) pp. 014101
-------- -------- --- Thank You --- -------- --------

There are: 31522 Atoms

Atom distribution over 1 domains: av 31522 stddev 0 min 31522 max 31522
Center of mass motion removal mode is Linear
We have the following groups for center of mass motion removal:
  0:  rest

Started mdrun on rank 0 Tue Oct 29 11:58:36 2024

           Step           Time
              0        0.00000

   Energies (kJ/mol)
          Angle    Proper Dih. Per. Imp. Dih.          LJ-14     Coulomb-14
    3.18797e+03    4.33492e+03    1.60802e+02    1.58941e+03    1.89012e+04
        LJ (SR)  Disper. corr.   Coulomb (SR)   Coul. recip. Position Rest.
    8.54206e+04   -4.03961e+03   -5.84702e+05    2.77871e+03    9.65437e-02
      Potential    Kinetic En.   Total Energy  Conserved En.    Temperature
   -4.72368e+05    7.83540e+04   -3.94014e+05   -3.93994e+05    2.99036e+02
 Pres. DC (bar) Pressure (bar)   Constr. rmsd
   -2.09148e+02   -7.11536e+02    2.65095e-05

           Step           Time
            500        1.00000

   Energies (kJ/mol)
          Angle    Proper Dih. Per. Imp. Dih.          LJ-14     Coulomb-14
    3.20281e+03    4.38388e+03    1.75693e+02    1.62949e+03    1.88744e+04
        LJ (SR)  Disper. corr.   Coulomb (SR)   Coul. recip. Position Rest.
    8.90406e+04   -4.13586e+03   -5.91093e+05    2.61618e+03    3.56198e+02
      Potential    Kinetic En.   Total Energy  Conserved En.    Temperature
   -4.74949e+05    7.92645e+04   -3.95685e+05   -3.93984e+05    3.02511e+02
 Pres. DC (bar) Pressure (bar)   Constr. rmsd
   -2.19221e+02    5.82927e+01    2.46839e-05

           Step           Time
           1000        2.00000

   Energies (kJ/mol)
          Angle    Proper Dih. Per. Imp. Dih.          LJ-14     Coulomb-14
    3.22948e+03    4.26065e+03    1.51445e+02    1.55948e+03    1.88722e+04
        LJ (SR)  Disper. corr.   Coulomb (SR)   Coul. recip. Position Rest.
    8.74258e+04   -4.13417e+03   -5.89614e+05    2.67917e+03    3.71401e+02
      Potential    Kinetic En.   Total Energy  Conserved En.    Temperature
   -4.75199e+05    7.92169e+04   -3.95982e+05   -3.94021e+05    3.02329e+02
 Pres. DC (bar) Pressure (bar)   Constr. rmsd
   -2.19042e+02   -3.43440e+02    2.93181e-05

           Step           Time
           1500        3.00000

   Energies (kJ/mol)
          Angle    Proper Dih. Per. Imp. Dih.          LJ-14     Coulomb-14
    3.33213e+03    4.32048e+03    1.87325e+02    1.62874e+03    1.88286e+04
        LJ (SR)  Disper. corr.   Coulomb (SR)   Coul. recip. Position Rest.
    8.94022e+04   -4.14027e+03   -5.90614e+05    2.79400e+03    3.61833e+02
      Potential    Kinetic En.   Total Energy  Conserved En.    Temperature
   -4.73899e+05    7.86920e+04   -3.95207e+05   -3.94013e+05    3.00326e+02
 Pres. DC (bar) Pressure (bar)   Constr. rmsd
   -2.19688e+02    2.05661e+02    2.69319e-05

           Step           Time
           2000        4.00000

   Energies (kJ/mol)
          Angle    Proper Dih. Per. Imp. Dih.          LJ-14     Coulomb-14
    3.16941e+03    4.31345e+03    2.04859e+02    1.61810e+03    1.88366e+04
        LJ (SR)  Disper. corr.   Coulomb (SR)   Coul. recip. Position Rest.
    8.85114e+04   -4.14399e+03   -5.89205e+05    2.73173e+03    3.86573e+02
      Potential    Kinetic En.   Total Energy  Conserved En.    Temperature
   -4.73577e+05    7.89750e+04   -3.94602e+05   -3.94027e+05    3.01406e+02
 Pres. DC (bar) Pressure (bar)   Constr. rmsd
   -2.20083e+02    9.64939e+01    2.52829e-05

           Step           Time
           2500        5.00000

   Energies (kJ/mol)
          Angle    Proper Dih. Per. Imp. Dih.          LJ-14     Coulomb-14
    3.25085e+03    4.36699e+03    2.01028e+02    1.65169e+03    1.89235e+04
        LJ (SR)  Disper. corr.   Coulomb (SR)   Coul. recip. Position Rest.
    8.68207e+04   -4.14270e+03   -5.87433e+05    2.73706e+03    4.05359e+02
      Potential    Kinetic En.   Total Energy  Conserved En.    Temperature
   -4.73218e+05    7.94101e+04   -3.93808e+05   -3.94037e+05    3.03067e+02
 Pres. DC (bar) Pressure (bar)   Constr. rmsd
   -2.19946e+02   -2.77949e+02    2.73357e-05

           Step           Time
           3000        6.00000

   Energies (kJ/mol)
          Angle    Proper Dih. Per. Imp. Dih.          LJ-14     Coulomb-14
    3.22106e+03    4.31467e+03    1.55283e+02    1.64204e+03    1.88343e+04
        LJ (SR)  Disper. corr.   Coulomb (SR)   Coul. recip. Position Rest.
    9.01364e+04   -4.15476e+03   -5.91586e+05    2.66692e+03    4.68332e+02
      Potential    Kinetic En.   Total Energy  Conserved En.    Temperature
   -4.74302e+05    7.89586e+04   -3.95343e+05   -3.94046e+05    3.01344e+02
 Pres. DC (bar) Pressure (bar)   Constr. rmsd
   -2.21227e+02    4.38415e+02    2.59917e-05

           Step           Time
           3500        7.00000

   Energies (kJ/mol)
          Angle    Proper Dih. Per. Imp. Dih.          LJ-14     Coulomb-14
    3.10181e+03    4.27280e+03    1.70735e+02    1.67295e+03    1.89137e+04
        LJ (SR)  Disper. corr.   Coulomb (SR)   Coul. recip. Position Rest.
    8.87281e+04   -4.16526e+03   -5.90462e+05    2.66732e+03    4.15998e+02
      Potential    Kinetic En.   Total Energy  Conserved En.    Temperature
   -4.74684e+05    7.82241e+04   -3.96460e+05   -3.94076e+05    2.98540e+02
 Pres. DC (bar) Pressure (bar)   Constr. rmsd
   -2.22345e+02    3.17318e+02    2.20767e-05

           Step           Time
           4000        8.00000

   Energies (kJ/mol)
          Angle    Proper Dih. Per. Imp. Dih.          LJ-14     Coulomb-14
    3.22266e+03    4.34007e+03    1.55220e+02    1.59200e+03    1.89083e+04
        LJ (SR)  Disper. corr.   Coulomb (SR)   Coul. recip. Position Rest.
    8.84077e+04   -4.14200e+03   -5.89206e+05    2.76777e+03    4.26631e+02
      Potential    Kinetic En.   Total Energy  Conserved En.    Temperature
   -4.73528e+05    7.92277e+04   -3.94300e+05   -3.94071e+05    3.02370e+02
 Pres. DC (bar) Pressure (bar)   Constr. rmsd
   -2.19871e+02    3.86414e+01    2.63168e-05

           Step           Time
           4500        9.00000

   Energies (kJ/mol)
          Angle    Proper Dih. Per. Imp. Dih.          LJ-14     Coulomb-14
    3.08193e+03    4.28482e+03    1.57280e+02    1.61181e+03    1.89218e+04
        LJ (SR)  Disper. corr.   Coulomb (SR)   Coul. recip. Position Rest.
    8.82390e+04   -4.14310e+03   -5.89714e+05    2.69901e+03    4.74931e+02
      Potential    Kinetic En.   Total Energy  Conserved En.    Temperature
   -4.74387e+05    7.87138e+04   -3.95673e+05   -3.94106e+05    3.00409e+02
 Pres. DC (bar) Pressure (bar)   Constr. rmsd
   -2.19989e+02    7.51255e+01    2.43989e-05

           Step           Time
           5000       10.00000

Writing checkpoint, step 5000 at Tue Oct 29 11:58:54 2024


   Energies (kJ/mol)
          Angle    Proper Dih. Per. Imp. Dih.          LJ-14     Coulomb-14
    3.17427e+03    4.36544e+03    1.86394e+02    1.63177e+03    1.88535e+04
        LJ (SR)  Disper. corr.   Coulomb (SR)   Coul. recip. Position Rest.
    8.88003e+04   -4.15119e+03   -5.90329e+05    2.68432e+03    4.16739e+02
      Potential    Kinetic En.   Total Energy  Conserved En.    Temperature
   -4.74368e+05    7.90168e+04   -3.95351e+05   -3.94100e+05    3.01566e+02
 Pres. DC (bar) Pressure (bar)   Constr. rmsd
   -2.20848e+02    2.23132e+02    2.41627e-05


Energy conservation over simulation part #1 of length 10 ps, time 0 to 10 ps
  Conserved energy drift: -3.34e-04 kJ/mol/ps per atom


	<======  ###############  ==>
	<====  A V E R A G E S  ====>
	<==  ###############  ======>

	Statistics over 5001 steps using 51 frames

   Energies (kJ/mol)
          Angle    Proper Dih. Per. Imp. Dih.          LJ-14     Coulomb-14
    3.21209e+03    4.30936e+03    1.75162e+02    1.61414e+03    1.88803e+04
        LJ (SR)  Disper. corr.   Coulomb (SR)   Coul. recip. Position Rest.
    8.81886e+04   -4.13721e+03   -5.89562e+05    2.71432e+03    4.00488e+02
      Potential    Kinetic En.   Total Energy  Conserved En.    Temperature
   -4.74205e+05    7.88067e+04   -3.95398e+05   -3.94042e+05    3.00764e+02
 Pres. DC (bar) Pressure (bar)   Constr. rmsd
   -2.19370e+02   -2.22429e+01    0.00000e+00

          Box-X          Box-Y          Box-Z
    6.79368e+00    6.79368e+00    6.79368e+00

   Total Virial (kJ/mol)
    2.61304e+04    1.04924e+02    1.18338e+02
    1.04268e+02    2.65083e+04   -1.56351e+02
    1.17732e+02   -1.56472e+02    2.68148e+04

   Pressure (bar)
    9.48336e+00   -1.16156e+01   -1.12527e+01
   -1.15462e+01   -1.91876e+01    1.98378e+01
   -1.11885e+01    1.98507e+01   -5.70245e+01

      T-Protein  T-non-Protein
    3.02911e+02    3.00652e+02


	M E G A - F L O P S   A C C O U N T I N G

 NB=Group-cutoff nonbonded kernels    NxN=N-by-N cluster Verlet kernels
 RF=Reaction-Field  VdW=Van der Waals  QSTab=quadratic-spline table
 W3=SPC/TIP3p  W4=TIP4p (single or pairs)
 V&F=Potential and force  V=Potential only  F=Force only

 Computing:                               M-Number         M-Flops  % Flops
-----------------------------------------------------------------------------
 Pair Search distance check            1092.018822        9828.169     0.3
 NxN QSTab Elec. + LJ [F]             42018.593160     1722762.320    52.5
 NxN QSTab Elec. + LJ [V&F]             432.890960       25540.567     0.8
 NxN QSTab Elec. [F]                  37202.029304     1264868.996    38.5
 NxN QSTab Elec. [V&F]                  383.121024       15707.962     0.5
 1,4 nonbonded interactions              20.784156        1870.574     0.1
 Calc Weights                           472.924566       17025.284     0.5
 Spread Q Bspline                     10089.057408       20178.115     0.6
 Gather F Bspline                     10089.057408       60534.344     1.8
 3D-FFT                               13954.470336      111635.763     3.4
 Solve PME                                9.681936         619.644     0.0
 Reset In Box                             3.152200           9.457     0.0
 CG-CoM                                   3.183722           9.551     0.0
 Angles                                  14.432886        2424.725     0.1
 Propers                                 22.799559        5221.099     0.2
 Impropers                                1.375275         286.057     0.0
 Pos. Restr.                              3.790758         189.538     0.0
 Virial                                  15.815067         284.671     0.0
 Stop-CM                                  1.607622          16.076     0.0
 Calc-Ekin                               31.585044         852.796     0.0
 Lincs                                    7.886577         473.195     0.0
 Lincs-Mat                              173.194632         692.779     0.0
 Constraint-V                           165.593112        1490.338     0.0
 Constraint-Vir                          15.799035         379.177     0.0
 Settle                                  49.939986       18477.795     0.6
-----------------------------------------------------------------------------
 Total                                                 3281378.991   100.0
-----------------------------------------------------------------------------


    D O M A I N   D E C O M P O S I T I O N   S T A T I S T I C S

 av. #atoms communicated per step for force:  2 x 0.0
 av. #atoms communicated per step for LINCS:  2 x 0.0


     R E A L   C Y C L E   A N D   T I M E   A C C O U N T I N G

On 1 MPI rank, each using 16 OpenMP threads

 Computing:          Num   Num      Call    Wall time         Giga-Cycles
                     Ranks Threads  Count      (s)         total sum    %
-----------------------------------------------------------------------------
 Domain decomp.         1   16        100       0.139          5.538   0.8
 Neighbor search        1   16        101       0.384         15.349   2.1
 Force                  1   16       5001      14.564        581.625  79.7
 PME mesh               1   16       5001       2.244         89.629  12.3
 NB X/F buffer ops.     1   16       9901       0.224          8.940   1.2
 Write traj.            1   16         11       0.127          5.080   0.7
 Update                 1   16       5001       0.177          7.058   1.0
 Constraints            1   16       5001       0.308         12.306   1.7
 Rest                                           0.109          4.370   0.6
-----------------------------------------------------------------------------
 Total                                         18.276        729.895 100.0
-----------------------------------------------------------------------------
 Breakdown of PME mesh computation
-----------------------------------------------------------------------------
 PME spread             1   16       5001       0.810         32.368   4.4
 PME gather             1   16       5001       0.824         32.925   4.5
 PME 3D-FFT             1   16      10002       0.508         20.295   2.8
 PME solve Elec         1   16       5001       0.088          3.503   0.5
-----------------------------------------------------------------------------

               Core t (s)   Wall t (s)        (%)
       Time:      292.271       18.276     1599.2
                 (ns/day)    (hour/ns)
Performance:       47.283        0.508
Finished mdrun on rank 0 Tue Oct 29 11:58:54 2024

