              :-) GROMACS - gmx mdrun, 2022.5-Debian_2022.5_2 (-:

Copyright 1991-2022 The GROMACS Authors.
GROMACS is free software; you can redistribute it and/or modify it
under the terms of the GNU Lesser General Public License
as published by the Free Software Foundation; either version 2.1
of the License, or (at your option) any later version.

                         Current GROMACS contributors:
       Mark Abraham           Andrey Alekseenko           Cathrine Bergh      
      Christian Blau            Eliane Briand               Kevin Boyd        
     Oliver Fleetwood         Stefan Fleischmann           Vytas Gapsys       
       Gaurav Garg           Gilles Gouaillardet            Alan Gray         
      Victor Holanda           M. Eric Irrgang              Joe Jordan        
    Christoph Junghans        Prashanth Kanduri           Sebastian Kehl      
     Sebastian Keller          Carsten Kutzner           Magnus Lundborg      
       Pascal Merz              Dmitry Morozov             Szilard Pall       
      Roland Schulz             Michael Shirts         David van der Spoel    
     Alessandra Villa      Sebastian Wingbermuehle        Artem Zhmurov       

                         Previous GROMACS contributors:
        Emile Apol             Rossen Apostolov           James Barnett       
  Herman J.C. Berendsen          Par Bjelkmar           Viacheslav Bolnykh    
    Aldert van Buuren          Carlo Camilloni           Rudi van Drunen      
      Anton Feenstra           Gerrit Groenhof            Bert de Groot       
      Anca Hamuraru           Vincent Hindriksen         Aleksei Iupinov      
   Dimitrios Karkoulis           Peter Kasson               Jiri Kraus        
       Per Larsson             Justin A. Lemkul           Viveca Lindahl      
      Erik Marklund           Pieter Meulenhoff           Vedran Miletic      
      Teemu Murtola              Sander Pronk            Alexey Shvetsov      
      Alfons Sijbers            Peter Tieleman             Jon Vincent        
     Teemu Virolainen         Christian Wennberg           Maarten Wolf       

                  Coordinated by the GROMACS project leaders:
                    Paul Bauer, Berk Hess, and Erik Lindahl

GROMACS:      gmx mdrun, version 2022.5-Debian_2022.5_2
Executable:   /usr/bin/gmx
Data prefix:  /usr
Working dir:  /home/mitanih/Documents/CSCI597K/bioinformatics/lab9
Process ID:   18249
Command line:
  gmx mdrun -v -deffnm md_0_1

GROMACS version:    2022.5-Debian_2022.5_2
Precision:          mixed
Memory model:       64 bit
MPI library:        thread_mpi
OpenMP support:     enabled (GMX_OPENMP_MAX_THREADS = 128)
GPU support:        disabled
SIMD instructions:  SSE4.1
CPU FFT library:    fftw-3.3.10-sse2-avx
GPU FFT library:    none
RDTSCP usage:       enabled
TNG support:        enabled
Hwloc support:      hwloc-2.8.0
Tracing support:    disabled
C compiler:         /usr/bin/cc GNU 12.2.0
C compiler flags:   -msse4.1 -Wno-missing-field-initializers -fexcess-precision=fast -funroll-all-loops -O3 -DNDEBUG
C++ compiler:       /usr/bin/c++ GNU 12.2.0
C++ compiler flags: -msse4.1 -Wno-missing-field-initializers -fexcess-precision=fast -funroll-all-loops -fopenmp -O3 -DNDEBUG


Running on 1 node with total 6 cores, 6 processing units
Hardware detected:
  CPU info:
    Vendor: Intel
    Brand:  Intel(R) Xeon(R) Silver 4216 CPU @ 2.10GHz
    Family: 6   Model: 85   Stepping: 7
    Features: aes apic avx avx2 avx512f avx512cd avx512bw avx512vl clfsh cmov cx8 cx16 f16c fma intel lahf mmx msr pcid pclmuldq pdcm pdpe1gb popcnt pse rdrnd rdtscp sse2 sse3 sse4.1 sse4.2 ssse3 tdt x2apic
    Number of AVX-512 FMA units: Cannot run AVX-512 detection - assuming 2
  Hardware topology: Full, with devices
    Packages, cores, and logical processors:
    [indices refer to OS logical processors]
      Package  0: [   0]
      Package  1: [   1]
      Package  2: [   2]
      Package  3: [   3]
      Package  4: [   4]
      Package  5: [   5]
    CPU limit set by OS: -1   Recommended max number of threads: 6
    Numa nodes:
      Node  0 (8320176128 bytes mem):   0   1   2   3   4   5
      Latency:
               0
         0  1.00
    Caches:
      L1: 32768 bytes, linesize 64 bytes, assoc. 8, shared 1 ways
      L2: 4194304 bytes, linesize 64 bytes, assoc. 16, shared 1 ways
      L3: 16777216 bytes, linesize 64 bytes, assoc. 16, shared 1 ways
    PCI devices:
      0000:00:01.1  Id: 8086:7010  Class: 0x0101  Numa: 0
      0000:00:02.0  Id: 1013:00b8  Class: 0x0300  Numa: 0
      0000:00:03.0  Id: 1af4:1000  Class: 0x0200  Numa: 0
      0000:00:05.0  Id: 1af4:1001  Class: 0x0100  Numa: 0
      0000:00:06.0  Id: 1af4:1002  Class: 0x00ff  Numa: 0
      0000:00:07.0  Id: 1af4:1005  Class: 0x00ff  Numa: 0

Highest SIMD level supported by all nodes in run: AVX_512
SIMD instructions selected at compile time:       SSE4.1
This program was compiled for different hardware than you are running on,
which could influence performance.

++++ PLEASE READ AND CITE THE FOLLOWING REFERENCE ++++
M. J. Abraham, T. Murtola, R. Schulz, S. Páll, J. C. Smith, B. Hess, E.
Lindahl
GROMACS: High performance molecular simulations through multi-level
parallelism from laptops to supercomputers
SoftwareX 1 (2015) pp. 19-25
-------- -------- --- Thank You --- -------- --------


++++ PLEASE READ AND CITE THE FOLLOWING REFERENCE ++++
S. Páll, M. J. Abraham, C. Kutzner, B. Hess, E. Lindahl
Tackling Exascale Software Challenges in Molecular Dynamics Simulations with
GROMACS
In S. Markidis & E. Laure (Eds.), Solving Software Challenges for Exascale 8759 (2015) pp. 3-27
-------- -------- --- Thank You --- -------- --------


++++ PLEASE READ AND CITE THE FOLLOWING REFERENCE ++++
S. Pronk, S. Páll, R. Schulz, P. Larsson, P. Bjelkmar, R. Apostolov, M. R.
Shirts, J. C. Smith, P. M. Kasson, D. van der Spoel, B. Hess, and E. Lindahl
GROMACS 4.5: a high-throughput and highly parallel open source molecular
simulation toolkit
Bioinformatics 29 (2013) pp. 845-54
-------- -------- --- Thank You --- -------- --------


++++ PLEASE READ AND CITE THE FOLLOWING REFERENCE ++++
B. Hess and C. Kutzner and D. van der Spoel and E. Lindahl
GROMACS 4: Algorithms for highly efficient, load-balanced, and scalable
molecular simulation
J. Chem. Theory Comput. 4 (2008) pp. 435-447
-------- -------- --- Thank You --- -------- --------


++++ PLEASE READ AND CITE THE FOLLOWING REFERENCE ++++
D. van der Spoel, E. Lindahl, B. Hess, G. Groenhof, A. E. Mark and H. J. C.
Berendsen
GROMACS: Fast, Flexible and Free
J. Comp. Chem. 26 (2005) pp. 1701-1719
-------- -------- --- Thank You --- -------- --------


++++ PLEASE READ AND CITE THE FOLLOWING REFERENCE ++++
E. Lindahl and B. Hess and D. van der Spoel
GROMACS 3.0: A package for molecular simulation and trajectory analysis
J. Mol. Mod. 7 (2001) pp. 306-317
-------- -------- --- Thank You --- -------- --------


++++ PLEASE READ AND CITE THE FOLLOWING REFERENCE ++++
H. J. C. Berendsen, D. van der Spoel and R. van Drunen
GROMACS: A message-passing parallel molecular dynamics implementation
Comp. Phys. Comm. 91 (1995) pp. 43-56
-------- -------- --- Thank You --- -------- --------

Input Parameters:
   integrator                     = md
   tinit                          = 0
   dt                             = 0.002
   nsteps                         = 15000
   init-step                      = 0
   simulation-part                = 1
   mts                            = false
   comm-mode                      = Linear
   nstcomm                        = 100
   bd-fric                        = 0
   ld-seed                        = -1776812033
   emtol                          = 10
   emstep                         = 0.01
   niter                          = 20
   fcstep                         = 0
   nstcgsteep                     = 1000
   nbfgscorr                      = 10
   rtpi                           = 0.05
   nstxout                        = 500
   nstvout                        = 500
   nstfout                        = 0
   nstlog                         = 500
   nstcalcenergy                  = 100
   nstenergy                      = 500
   nstxout-compressed             = 500
   compressed-x-precision         = 1000
   cutoff-scheme                  = Verlet
   nstlist                        = 10
   pbc                            = xyz
   periodic-molecules             = false
   verlet-buffer-tolerance        = 0.005
   rlist                          = 1
   coulombtype                    = PME
   coulomb-modifier               = Potential-shift
   rcoulomb-switch                = 0
   rcoulomb                       = 1
   epsilon-r                      = 1
   epsilon-rf                     = inf
   vdw-type                       = Cut-off
   vdw-modifier                   = Potential-shift
   rvdw-switch                    = 0
   rvdw                           = 1
   DispCorr                       = EnerPres
   table-extension                = 1
   fourierspacing                 = 0.16
   fourier-nx                     = 44
   fourier-ny                     = 44
   fourier-nz                     = 44
   pme-order                      = 4
   ewald-rtol                     = 1e-05
   ewald-rtol-lj                  = 0.001
   lj-pme-comb-rule               = Geometric
   ewald-geometry                 = 3d
   epsilon-surface                = 0
   tcoupl                         = V-rescale
   nsttcouple                     = 10
   nh-chain-length                = 0
   print-nose-hoover-chain-variables = false
   pcoupl                         = Parrinello-Rahman
   pcoupltype                     = Isotropic
   nstpcouple                     = 10
   tau-p                          = 2
   compressibility (3x3):
      compressibility[    0]={ 4.50000e-05,  0.00000e+00,  0.00000e+00}
      compressibility[    1]={ 0.00000e+00,  4.50000e-05,  0.00000e+00}
      compressibility[    2]={ 0.00000e+00,  0.00000e+00,  4.50000e-05}
   ref-p (3x3):
      ref-p[    0]={ 1.00000e+00,  0.00000e+00,  0.00000e+00}
      ref-p[    1]={ 0.00000e+00,  1.00000e+00,  0.00000e+00}
      ref-p[    2]={ 0.00000e+00,  0.00000e+00,  1.00000e+00}
   refcoord-scaling               = No
   posres-com (3):
      posres-com[0]= 0.00000e+00
      posres-com[1]= 0.00000e+00
      posres-com[2]= 0.00000e+00
   posres-comB (3):
      posres-comB[0]= 0.00000e+00
      posres-comB[1]= 0.00000e+00
      posres-comB[2]= 0.00000e+00
   QMMM                           = false
qm-opts:
   ngQM                           = 0
   constraint-algorithm           = Lincs
   continuation                   = true
   Shake-SOR                      = false
   shake-tol                      = 0.0001
   lincs-order                    = 4
   lincs-iter                     = 1
   lincs-warnangle                = 30
   nwall                          = 0
   wall-type                      = 9-3
   wall-r-linpot                  = -1
   wall-atomtype[0]               = -1
   wall-atomtype[1]               = -1
   wall-density[0]                = 0
   wall-density[1]                = 0
   wall-ewald-zfac                = 3
   pull                           = false
   awh                            = false
   rotation                       = false
   interactiveMD                  = false
   disre                          = No
   disre-weighting                = Conservative
   disre-mixed                    = false
   dr-fc                          = 1000
   dr-tau                         = 0
   nstdisreout                    = 100
   orire-fc                       = 0
   orire-tau                      = 0
   nstorireout                    = 100
   free-energy                    = no
   cos-acceleration               = 0
   deform (3x3):
      deform[    0]={ 0.00000e+00,  0.00000e+00,  0.00000e+00}
      deform[    1]={ 0.00000e+00,  0.00000e+00,  0.00000e+00}
      deform[    2]={ 0.00000e+00,  0.00000e+00,  0.00000e+00}
   simulated-tempering            = false
   swapcoords                     = no
   userint1                       = 0
   userint2                       = 0
   userint3                       = 0
   userint4                       = 0
   userreal1                      = 0
   userreal2                      = 0
   userreal3                      = 0
   userreal4                      = 0
   applied-forces:
     electric-field:
       x:
         E0                       = 0
         omega                    = 0
         t0                       = 0
         sigma                    = 0
       y:
         E0                       = 0
         omega                    = 0
         t0                       = 0
         sigma                    = 0
       z:
         E0                       = 0
         omega                    = 0
         t0                       = 0
         sigma                    = 0
     density-guided-simulation:
       active                     = false
       group                      = protein
       similarity-measure         = inner-product
       atom-spreading-weight      = unity
       force-constant             = 1e+09
       gaussian-transform-spreading-width = 0.2
       gaussian-transform-spreading-range-in-multiples-of-width = 4
       reference-density-filename = reference.mrc
       nst                        = 1
       normalize-densities        = true
       adaptive-force-scaling     = false
       adaptive-force-scaling-time-constant = 4
       shift-vector               = 
       transformation-matrix      = 
     qmmm-cp2k:
       active                     = false
       qmgroup                    = System
       qmmethod                   = PBE
       qmfilenames                = 
       qmcharge                   = 0
       qmmultiplicity             = 1
grpopts:
   nrdf:     3114.85     59913.1
   ref-t:         300         300
   tau-t:         0.1         0.1
annealing:          No          No
annealing-npoints:           0           0
   acc:	           0           0           0
   nfreeze:           N           N           N
   energygrp-flags[  0]: 0

Changing nstlist from 10 to 40, rlist from 1 to 1.096

When checking whether update groups are usable:
  At least one moleculetype does not conform to the requirements for using update groups

Initializing Domain Decomposition on 1 ranks
Dynamic load balancing: auto
Minimum cell size due to atom displacement: 0.417 nm
Initial maximum distances in bonded interactions:
    two-body bonded interactions: 0.426 nm, LJ-14, atoms 557 565
  multi-body bonded interactions: 0.426 nm, Proper Dih., atoms 557 565
Minimum cell size due to bonded interactions: 0.468 nm
Maximum distance for 5 constraints, at 120 deg. angles, all-trans: 0.819 nm
Estimated maximum distance required for P-LINCS: 0.819 nm
This distance will limit the DD cell size, you can override this with -rcon
Using 0 separate PME ranks because: there are too few total ranks for efficient splitting
Optimizing the DD grid for 1 cells with a minimum initial size of 0.819 nm
The maximum allowed number of cells is: X 8 Y 8 Z 8
Domain decomposition grid 1 x 1 x 1, separate PME ranks 0
PME domain decomposition: 1 x 1 x 1

The initial number of communication pulses is:
The initial domain decomposition cell size is:

The maximum allowed distance for atoms involved in interactions is:
                 non-bonded interactions           1.096 nm
(the following are initial values, they could change due to box deformation)
            two-body bonded interactions  (-rdd)   1.096 nm
          multi-body bonded interactions  (-rdd)   1.096 nm
  atoms separated by up to 5 constraints  (-rcon)  6.786 nm

When dynamic load balancing gets turned on, these settings will change to:
The maximum number of communication pulses is:
The minimum size for domain decomposition cells is 1.096 nm
The requested allowed shrink of DD cells (option -dds) is: 0.80
The allowed shrink of domain decomposition cells is:
The maximum allowed distance for atoms involved in interactions is:
                 non-bonded interactions           1.096 nm
            two-body bonded interactions  (-rdd)   1.096 nm
          multi-body bonded interactions  (-rdd)   1.096 nm
  atoms separated by up to 5 constraints  (-rcon)  1.096 nm

Using 1 MPI thread
Using 6 OpenMP threads 

Pinning threads with an auto-selected logical cpu stride of 1
System total charge: 2.000
Will do PME sum in reciprocal space for electrostatic interactions.

++++ PLEASE READ AND CITE THE FOLLOWING REFERENCE ++++
U. Essmann, L. Perera, M. L. Berkowitz, T. Darden, H. Lee and L. G. Pedersen 
A smooth particle mesh Ewald method
J. Chem. Phys. 103 (1995) pp. 8577-8592
-------- -------- --- Thank You --- -------- --------

Using a Gaussian width (1/beta) of 0.320163 nm for Ewald
Potential shift: LJ r^-12: -1.000e+00 r^-6: -1.000e+00, Ewald -1.000e-05
Initialized non-bonded Coulomb Ewald tables, spacing: 9.33e-04 size: 1073

Generated table with 1048 data points for 1-4 COUL.
Tabscale = 500 points/nm
Generated table with 1048 data points for 1-4 LJ6.
Tabscale = 500 points/nm
Generated table with 1048 data points for 1-4 LJ12.
Tabscale = 500 points/nm
Long Range LJ corr.: <C6> 3.1204e-04


Using SIMD 4x4 nonbonded short-range kernels

Using a dual 4x4 pair-list setup updated with dynamic pruning:
  outer list: updated every 40 steps, buffer 0.096 nm, rlist 1.096 nm
  inner list: updated every 12 steps, buffer 0.003 nm, rlist 1.003 nm
At tolerance 0.005 kJ/mol/ps per atom, equivalent classical 1x1 list would be:
  outer list: updated every 40 steps, buffer 0.211 nm, rlist 1.211 nm
  inner list: updated every 12 steps, buffer 0.048 nm, rlist 1.048 nm

Using Lorentz-Berthelot Lennard-Jones combination rule

Linking all bonded interactions to atoms


Initializing Parallel LINear Constraint Solver

++++ PLEASE READ AND CITE THE FOLLOWING REFERENCE ++++
B. Hess
P-LINCS: A Parallel Linear Constraint Solver for molecular simulation
J. Chem. Theory Comput. 4 (2008) pp. 116-122
-------- -------- --- Thank You --- -------- --------

The number of constraints is 1577
There are constraints between atoms in different decomposition domains,
will communicate selected coordinates each lincs iteration

++++ PLEASE READ AND CITE THE FOLLOWING REFERENCE ++++
S. Miyamoto and P. A. Kollman
SETTLE: An Analytical Version of the SHAKE and RATTLE Algorithms for Rigid
Water Models
J. Comp. Chem. 13 (1992) pp. 952-962
-------- -------- --- Thank You --- -------- --------


++++ PLEASE READ AND CITE THE FOLLOWING REFERENCE ++++
G. Bussi, D. Donadio and M. Parrinello
Canonical sampling through velocity rescaling
J. Chem. Phys. 126 (2007) pp. 014101
-------- -------- --- Thank You --- -------- --------

There are: 31522 Atoms

Atom distribution over 1 domains: av 31522 stddev 0 min 31522 max 31522
Center of mass motion removal mode is Linear
We have the following groups for center of mass motion removal:
  0:  rest

Started mdrun on rank 0 Thu Oct 31 10:43:55 2024

           Step           Time
              0        0.00000

   Energies (kJ/mol)
          Angle    Proper Dih. Per. Imp. Dih.          LJ-14     Coulomb-14
    3.17427e+03    4.36544e+03    1.86394e+02    1.63177e+03    1.88535e+04
        LJ (SR)  Disper. corr.   Coulomb (SR)   Coul. recip.      Potential
    8.88003e+04   -4.15119e+03   -5.90346e+05    2.68431e+03   -4.74801e+05
    Kinetic En.   Total Energy  Conserved En.    Temperature Pres. DC (bar)
    7.90175e+04   -3.95784e+05   -3.95765e+05    3.01568e+02   -2.20848e+02
 Pressure (bar)   Constr. rmsd
    2.40991e+02    2.42181e-05

           Step           Time
            500        1.00000

   Energies (kJ/mol)
          Angle    Proper Dih. Per. Imp. Dih.          LJ-14     Coulomb-14
    3.41352e+03    4.27605e+03    2.10988e+02    1.60346e+03    1.87802e+04
        LJ (SR)  Disper. corr.   Coulomb (SR)   Coul. recip.      Potential
    8.78275e+04   -4.12875e+03   -5.88967e+05    2.68304e+03   -4.74301e+05
    Kinetic En.   Total Energy  Conserved En.    Temperature Pres. DC (bar)
    7.94464e+04   -3.94855e+05   -3.95793e+05    3.03205e+02   -2.18468e+02
 Pressure (bar)   Constr. rmsd
   -1.78430e+02    3.22561e-05

           Step           Time
           1000        2.00000

   Energies (kJ/mol)
          Angle    Proper Dih. Per. Imp. Dih.          LJ-14     Coulomb-14
    3.30092e+03    4.27518e+03    1.70437e+02    1.62681e+03    1.89418e+04
        LJ (SR)  Disper. corr.   Coulomb (SR)   Coul. recip.      Potential
    9.00113e+04   -4.12940e+03   -5.92438e+05    2.74897e+03   -4.75492e+05
    Kinetic En.   Total Energy  Conserved En.    Temperature Pres. DC (bar)
    7.95658e+04   -3.95926e+05   -3.95794e+05    3.03661e+02   -2.18537e+02
 Pressure (bar)   Constr. rmsd
    1.30850e+02    2.75911e-05

           Step           Time
           1500        3.00000

   Energies (kJ/mol)
          Angle    Proper Dih. Per. Imp. Dih.          LJ-14     Coulomb-14
    3.13198e+03    4.23069e+03    1.86025e+02    1.64126e+03    1.88689e+04
        LJ (SR)  Disper. corr.   Coulomb (SR)   Coul. recip.      Potential
    8.90734e+04   -4.13846e+03   -5.91355e+05    2.67073e+03   -4.75691e+05
    Kinetic En.   Total Energy  Conserved En.    Temperature Pres. DC (bar)
    7.86821e+04   -3.97009e+05   -3.95817e+05    3.00288e+02   -2.19496e+02
 Pressure (bar)   Constr. rmsd
    4.26031e+01    2.75737e-05

           Step           Time
           2000        4.00000

   Energies (kJ/mol)
          Angle    Proper Dih. Per. Imp. Dih.          LJ-14     Coulomb-14
    3.07771e+03    4.32415e+03    1.86443e+02    1.66786e+03    1.86678e+04
        LJ (SR)  Disper. corr.   Coulomb (SR)   Coul. recip.      Potential
    8.95460e+04   -4.14092e+03   -5.91457e+05    2.73310e+03   -4.75394e+05
    Kinetic En.   Total Energy  Conserved En.    Temperature Pres. DC (bar)
    7.83600e+04   -3.97034e+05   -3.95820e+05    2.99059e+02   -2.19757e+02
 Pressure (bar)   Constr. rmsd
    2.78037e+02    2.47319e-05

           Step           Time
           2500        5.00000

   Energies (kJ/mol)
          Angle    Proper Dih. Per. Imp. Dih.          LJ-14     Coulomb-14
    3.27314e+03    4.31743e+03    1.66609e+02    1.60582e+03    1.87812e+04
        LJ (SR)  Disper. corr.   Coulomb (SR)   Coul. recip.      Potential
    9.05635e+04   -4.14333e+03   -5.93059e+05    2.69634e+03   -4.75798e+05
    Kinetic En.   Total Energy  Conserved En.    Temperature Pres. DC (bar)
    7.82976e+04   -3.97501e+05   -3.95835e+05    2.98821e+02   -2.20013e+02
 Pressure (bar)   Constr. rmsd
    2.25789e+02    2.91482e-05

           Step           Time
           3000        6.00000

   Energies (kJ/mol)
          Angle    Proper Dih. Per. Imp. Dih.          LJ-14     Coulomb-14
    3.16788e+03    4.26111e+03    2.08579e+02    1.61028e+03    1.89141e+04
        LJ (SR)  Disper. corr.   Coulomb (SR)   Coul. recip.      Potential
    8.84385e+04   -4.13943e+03   -5.91308e+05    2.68737e+03   -4.76160e+05
    Kinetic En.   Total Energy  Conserved En.    Temperature Pres. DC (bar)
    7.85468e+04   -3.97613e+05   -3.95854e+05    2.99772e+02   -2.19599e+02
 Pressure (bar)   Constr. rmsd
   -6.43608e+01    2.57669e-05

           Step           Time
           3500        7.00000

   Energies (kJ/mol)
          Angle    Proper Dih. Per. Imp. Dih.          LJ-14     Coulomb-14
    3.44051e+03    4.21824e+03    1.91427e+02    1.58899e+03    1.88459e+04
        LJ (SR)  Disper. corr.   Coulomb (SR)   Coul. recip.      Potential
    8.83991e+04   -4.13788e+03   -5.90087e+05    2.67694e+03   -4.74864e+05
    Kinetic En.   Total Energy  Conserved En.    Temperature Pres. DC (bar)
    7.92808e+04   -3.95583e+05   -3.95848e+05    3.02573e+02   -2.19435e+02
 Pressure (bar)   Constr. rmsd
   -4.00472e+01    2.74226e-05

           Step           Time
           4000        8.00000

   Energies (kJ/mol)
          Angle    Proper Dih. Per. Imp. Dih.          LJ-14     Coulomb-14
    3.20368e+03    4.19127e+03    1.55955e+02    1.61518e+03    1.88185e+04
        LJ (SR)  Disper. corr.   Coulomb (SR)   Coul. recip.      Potential
    8.84852e+04   -4.13443e+03   -5.90565e+05    2.70959e+03   -4.75520e+05
    Kinetic En.   Total Energy  Conserved En.    Temperature Pres. DC (bar)
    7.83368e+04   -3.97183e+05   -3.95862e+05    2.98970e+02   -2.19069e+02
 Pressure (bar)   Constr. rmsd
   -2.29151e+01    2.65852e-05

           Step           Time
           4500        9.00000

   Energies (kJ/mol)
          Angle    Proper Dih. Per. Imp. Dih.          LJ-14     Coulomb-14
    3.10441e+03    4.25198e+03    1.77493e+02    1.62049e+03    1.89086e+04
        LJ (SR)  Disper. corr.   Coulomb (SR)   Coul. recip.      Potential
    8.81575e+04   -4.14253e+03   -5.91001e+05    2.70245e+03   -4.76220e+05
    Kinetic En.   Total Energy  Conserved En.    Temperature Pres. DC (bar)
    7.78036e+04   -3.98417e+05   -3.95879e+05    2.96935e+02   -2.19928e+02
 Pressure (bar)   Constr. rmsd
   -1.73391e+02    2.60805e-05

           Step           Time
           5000       10.00000

   Energies (kJ/mol)
          Angle    Proper Dih. Per. Imp. Dih.          LJ-14     Coulomb-14
    3.24075e+03    4.26664e+03    1.94954e+02    1.53536e+03    1.87323e+04
        LJ (SR)  Disper. corr.   Coulomb (SR)   Coul. recip.      Potential
    8.89770e+04   -4.15371e+03   -5.91499e+05    2.58711e+03   -4.76119e+05
    Kinetic En.   Total Energy  Conserved En.    Temperature Pres. DC (bar)
    7.87365e+04   -3.97382e+05   -3.95893e+05    3.00496e+02   -2.21115e+02
 Pressure (bar)   Constr. rmsd
   -7.80847e+01    2.94411e-05

           Step           Time
           5500       11.00000

   Energies (kJ/mol)
          Angle    Proper Dih. Per. Imp. Dih.          LJ-14     Coulomb-14
    3.14263e+03    4.26745e+03    2.03893e+02    1.63470e+03    1.87760e+04
        LJ (SR)  Disper. corr.   Coulomb (SR)   Coul. recip.      Potential
    8.86929e+04   -4.14042e+03   -5.90828e+05    2.66724e+03   -4.75583e+05
    Kinetic En.   Total Energy  Conserved En.    Temperature Pres. DC (bar)
    7.92027e+04   -3.96381e+05   -3.95906e+05    3.02275e+02   -2.19704e+02
 Pressure (bar)   Constr. rmsd
    9.65516e+00    2.76309e-05

           Step           Time
           6000       12.00000

   Energies (kJ/mol)
          Angle    Proper Dih. Per. Imp. Dih.          LJ-14     Coulomb-14
    3.06617e+03    4.28742e+03    1.69604e+02    1.64314e+03    1.87661e+04
        LJ (SR)  Disper. corr.   Coulomb (SR)   Coul. recip.      Potential
    8.84767e+04   -4.15504e+03   -5.90891e+05    2.61702e+03   -4.76020e+05
    Kinetic En.   Total Energy  Conserved En.    Temperature Pres. DC (bar)
    7.89347e+04   -3.97086e+05   -3.95938e+05    3.01252e+02   -2.21257e+02
 Pressure (bar)   Constr. rmsd
    5.42976e+01    2.56736e-05

           Step           Time
           6500       13.00000

   Energies (kJ/mol)
          Angle    Proper Dih. Per. Imp. Dih.          LJ-14     Coulomb-14
    3.13029e+03    4.28966e+03    1.99730e+02    1.66457e+03    1.88822e+04
        LJ (SR)  Disper. corr.   Coulomb (SR)   Coul. recip.      Potential
    8.89519e+04   -4.14759e+03   -5.91382e+05    2.69394e+03   -4.75717e+05
    Kinetic En.   Total Energy  Conserved En.    Temperature Pres. DC (bar)
    7.85368e+04   -3.97180e+05   -3.95923e+05    2.99734e+02   -2.20465e+02
 Pressure (bar)   Constr. rmsd
    1.40911e+02    2.48572e-05

           Step           Time
           7000       14.00000

   Energies (kJ/mol)
          Angle    Proper Dih. Per. Imp. Dih.          LJ-14     Coulomb-14
    3.24465e+03    4.34756e+03    2.08979e+02    1.65531e+03    1.88012e+04
        LJ (SR)  Disper. corr.   Coulomb (SR)   Coul. recip.      Potential
    8.80452e+04   -4.15150e+03   -5.89452e+05    2.74160e+03   -4.74559e+05
    Kinetic En.   Total Energy  Conserved En.    Temperature Pres. DC (bar)
    7.85446e+04   -3.96015e+05   -3.95927e+05    2.99763e+02   -2.20880e+02
 Pressure (bar)   Constr. rmsd
    1.97290e+01    2.61936e-05

           Step           Time
           7500       15.00000

   Energies (kJ/mol)
          Angle    Proper Dih. Per. Imp. Dih.          LJ-14     Coulomb-14
    3.19837e+03    4.25296e+03    1.76398e+02    1.57964e+03    1.87650e+04
        LJ (SR)  Disper. corr.   Coulomb (SR)   Coul. recip.      Potential
    8.80145e+04   -4.15048e+03   -5.90363e+05    2.70608e+03   -4.75821e+05
    Kinetic En.   Total Energy  Conserved En.    Temperature Pres. DC (bar)
    7.84867e+04   -3.97334e+05   -3.95958e+05    2.99542e+02   -2.20771e+02
 Pressure (bar)   Constr. rmsd
   -9.49571e+01    2.37461e-05

           Step           Time
           8000       16.00000

   Energies (kJ/mol)
          Angle    Proper Dih. Per. Imp. Dih.          LJ-14     Coulomb-14
    3.06435e+03    4.23403e+03    1.62121e+02    1.62386e+03    1.87328e+04
        LJ (SR)  Disper. corr.   Coulomb (SR)   Coul. recip.      Potential
    8.70221e+04   -4.14248e+03   -5.89770e+05    2.72970e+03   -4.76343e+05
    Kinetic En.   Total Energy  Conserved En.    Temperature Pres. DC (bar)
    7.89908e+04   -3.97352e+05   -3.95975e+05    3.01466e+02   -2.19923e+02
 Pressure (bar)   Constr. rmsd
   -3.36998e+02    2.69279e-05

           Step           Time
           8500       17.00000

   Energies (kJ/mol)
          Angle    Proper Dih. Per. Imp. Dih.          LJ-14     Coulomb-14
    3.24919e+03    4.34970e+03    1.81715e+02    1.64730e+03    1.88451e+04
        LJ (SR)  Disper. corr.   Coulomb (SR)   Coul. recip.      Potential
    8.74320e+04   -4.15223e+03   -5.88934e+05    2.67656e+03   -4.74705e+05
    Kinetic En.   Total Energy  Conserved En.    Temperature Pres. DC (bar)
    7.92793e+04   -3.95425e+05   -3.95986e+05    3.02567e+02   -2.20958e+02
 Pressure (bar)   Constr. rmsd
   -9.96735e+01    2.79350e-05

           Step           Time
           9000       18.00000

   Energies (kJ/mol)
          Angle    Proper Dih. Per. Imp. Dih.          LJ-14     Coulomb-14
    3.27386e+03    4.29470e+03    1.75545e+02    1.61309e+03    1.88090e+04
        LJ (SR)  Disper. corr.   Coulomb (SR)   Coul. recip.      Potential
    8.86718e+04   -4.14706e+03   -5.89757e+05    2.67263e+03   -4.74393e+05
    Kinetic En.   Total Energy  Conserved En.    Temperature Pres. DC (bar)
    7.87138e+04   -3.95680e+05   -3.95990e+05    3.00409e+02   -2.20409e+02
 Pressure (bar)   Constr. rmsd
    8.44628e+01    2.70062e-05

           Step           Time
           9500       19.00000

   Energies (kJ/mol)
          Angle    Proper Dih. Per. Imp. Dih.          LJ-14     Coulomb-14
    3.15392e+03    4.23690e+03    1.77850e+02    1.66241e+03    1.89624e+04
        LJ (SR)  Disper. corr.   Coulomb (SR)   Coul. recip.      Potential
    8.82154e+04   -4.13645e+03   -5.90198e+05    2.70099e+03   -4.75224e+05
    Kinetic En.   Total Energy  Conserved En.    Temperature Pres. DC (bar)
    7.89009e+04   -3.96323e+05   -3.95998e+05    3.01123e+02   -2.19284e+02
 Pressure (bar)   Constr. rmsd
    4.95505e+01    2.54201e-05

           Step           Time
          10000       20.00000

   Energies (kJ/mol)
          Angle    Proper Dih. Per. Imp. Dih.          LJ-14     Coulomb-14
    3.24664e+03    4.29067e+03    1.66053e+02    1.58995e+03    1.88178e+04
        LJ (SR)  Disper. corr.   Coulomb (SR)   Coul. recip.      Potential
    8.83386e+04   -4.12938e+03   -5.90857e+05    2.69517e+03   -4.75842e+05
    Kinetic En.   Total Energy  Conserved En.    Temperature Pres. DC (bar)
    7.83955e+04   -3.97446e+05   -3.96000e+05    2.99194e+02   -2.18536e+02
 Pressure (bar)   Constr. rmsd
   -1.13986e+02    2.46346e-05

           Step           Time
          10500       21.00000

   Energies (kJ/mol)
          Angle    Proper Dih. Per. Imp. Dih.          LJ-14     Coulomb-14
    3.24590e+03    4.34414e+03    1.66685e+02    1.60676e+03    1.88580e+04
        LJ (SR)  Disper. corr.   Coulomb (SR)   Coul. recip.      Potential
    8.82495e+04   -4.14485e+03   -5.90029e+05    2.69398e+03   -4.75009e+05
    Kinetic En.   Total Energy  Conserved En.    Temperature Pres. DC (bar)
    7.82787e+04   -3.96730e+05   -3.96002e+05    2.98749e+02   -2.20174e+02
 Pressure (bar)   Constr. rmsd
   -6.54189e+01    2.70012e-05

           Step           Time
          11000       22.00000

   Energies (kJ/mol)
          Angle    Proper Dih. Per. Imp. Dih.          LJ-14     Coulomb-14
    3.05960e+03    4.29248e+03    1.80544e+02    1.62068e+03    1.88511e+04
        LJ (SR)  Disper. corr.   Coulomb (SR)   Coul. recip.      Potential
    8.94019e+04   -4.13102e+03   -5.91453e+05    2.60525e+03   -4.75573e+05
    Kinetic En.   Total Energy  Conserved En.    Temperature Pres. DC (bar)
    7.88563e+04   -3.96716e+05   -3.96032e+05    3.00953e+02   -2.18709e+02
 Pressure (bar)   Constr. rmsd
    1.54115e+02    2.47401e-05

           Step           Time
          11500       23.00000

   Energies (kJ/mol)
          Angle    Proper Dih. Per. Imp. Dih.          LJ-14     Coulomb-14
    3.19792e+03    4.31198e+03    1.61104e+02    1.59420e+03    1.88727e+04
        LJ (SR)  Disper. corr.   Coulomb (SR)   Coul. recip.      Potential
    8.86754e+04   -4.13342e+03   -5.89812e+05    2.73069e+03   -4.74401e+05
    Kinetic En.   Total Energy  Conserved En.    Temperature Pres. DC (bar)
    7.83257e+04   -3.96076e+05   -3.96028e+05    2.98928e+02   -2.18962e+02
 Pressure (bar)   Constr. rmsd
    7.07295e+00    2.63351e-05

           Step           Time
          12000       24.00000

   Energies (kJ/mol)
          Angle    Proper Dih. Per. Imp. Dih.          LJ-14     Coulomb-14
    3.21435e+03    4.29478e+03    1.82834e+02    1.63018e+03    1.88678e+04
        LJ (SR)  Disper. corr.   Coulomb (SR)   Coul. recip.      Potential
    8.81101e+04   -4.14878e+03   -5.89340e+05    2.67232e+03   -4.74517e+05
    Kinetic En.   Total Energy  Conserved En.    Temperature Pres. DC (bar)
    7.84571e+04   -3.96060e+05   -3.96047e+05    2.99429e+02   -2.20591e+02
 Pressure (bar)   Constr. rmsd
    8.78568e+01    2.47016e-05

           Step           Time
          12500       25.00000

   Energies (kJ/mol)
          Angle    Proper Dih. Per. Imp. Dih.          LJ-14     Coulomb-14
    3.14768e+03    4.35783e+03    1.48634e+02    1.59783e+03    1.87943e+04
        LJ (SR)  Disper. corr.   Coulomb (SR)   Coul. recip.      Potential
    8.89601e+04   -4.15186e+03   -5.92187e+05    2.63679e+03   -4.76696e+05
    Kinetic En.   Total Energy  Conserved En.    Temperature Pres. DC (bar)
    7.86610e+04   -3.98035e+05   -3.96079e+05    3.00208e+02   -2.20919e+02
 Pressure (bar)   Constr. rmsd
   -4.78698e+01    2.80520e-05

           Step           Time
          13000       26.00000

   Energies (kJ/mol)
          Angle    Proper Dih. Per. Imp. Dih.          LJ-14     Coulomb-14
    3.31076e+03    4.26338e+03    1.73986e+02    1.64585e+03    1.87864e+04
        LJ (SR)  Disper. corr.   Coulomb (SR)   Coul. recip.      Potential
    8.66890e+04   -4.13140e+03   -5.88454e+05    2.67356e+03   -4.75042e+05
    Kinetic En.   Total Energy  Conserved En.    Temperature Pres. DC (bar)
    7.86324e+04   -3.96410e+05   -3.96082e+05    3.00099e+02   -2.18749e+02
 Pressure (bar)   Constr. rmsd
   -3.54100e+02    2.65177e-05

           Step           Time
          13500       27.00000

   Energies (kJ/mol)
          Angle    Proper Dih. Per. Imp. Dih.          LJ-14     Coulomb-14
    3.21065e+03    4.33134e+03    1.81240e+02    1.59914e+03    1.88364e+04
        LJ (SR)  Disper. corr.   Coulomb (SR)   Coul. recip.      Potential
    8.94147e+04   -4.13949e+03   -5.91522e+05    2.70284e+03   -4.75385e+05
    Kinetic En.   Total Energy  Conserved En.    Temperature Pres. DC (bar)
    7.85050e+04   -3.96880e+05   -3.96078e+05    2.99612e+02   -2.19606e+02
 Pressure (bar)   Constr. rmsd
    1.41871e+02    2.50653e-05

           Step           Time
          14000       28.00000

   Energies (kJ/mol)
          Angle    Proper Dih. Per. Imp. Dih.          LJ-14     Coulomb-14
    3.15462e+03    4.24460e+03    1.67810e+02    1.63258e+03    1.89513e+04
        LJ (SR)  Disper. corr.   Coulomb (SR)   Coul. recip.      Potential
    8.86658e+04   -4.14546e+03   -5.89906e+05    2.67570e+03   -4.74559e+05
    Kinetic En.   Total Energy  Conserved En.    Temperature Pres. DC (bar)
    7.87313e+04   -3.95827e+05   -3.96094e+05    3.00476e+02   -2.20239e+02
 Pressure (bar)   Constr. rmsd
    1.49296e+02    2.35614e-05

           Step           Time
          14500       29.00000

   Energies (kJ/mol)
          Angle    Proper Dih. Per. Imp. Dih.          LJ-14     Coulomb-14
    3.33945e+03    4.28083e+03    1.62528e+02    1.61455e+03    1.88355e+04
        LJ (SR)  Disper. corr.   Coulomb (SR)   Coul. recip.      Potential
    8.75187e+04   -4.15789e+03   -5.89181e+05    2.64952e+03   -4.74938e+05
    Kinetic En.   Total Energy  Conserved En.    Temperature Pres. DC (bar)
    7.97105e+04   -3.95228e+05   -3.96121e+05    3.04213e+02   -2.21560e+02
 Pressure (bar)   Constr. rmsd
   -1.70394e+02    2.62754e-05

           Step           Time
          15000       30.00000

Writing checkpoint, step 15000 at Thu Oct 31 10:46:14 2024


   Energies (kJ/mol)
          Angle    Proper Dih. Per. Imp. Dih.          LJ-14     Coulomb-14
    3.12996e+03    4.24321e+03    1.44712e+02    1.62172e+03    1.88310e+04
        LJ (SR)  Disper. corr.   Coulomb (SR)   Coul. recip.      Potential
    8.91787e+04   -4.14308e+03   -5.90877e+05    2.72714e+03   -4.75144e+05
    Kinetic En.   Total Energy  Conserved En.    Temperature Pres. DC (bar)
    7.80346e+04   -3.97109e+05   -3.96126e+05    2.97817e+02   -2.19986e+02
 Pressure (bar)   Constr. rmsd
    6.97298e+01    2.74966e-05


Energy conservation over simulation part #1 of length 30 ps, time 0 to 30 ps
  Conserved energy drift: -3.81e-04 kJ/mol/ps per atom


	<======  ###############  ==>
	<====  A V E R A G E S  ====>
	<==  ###############  ======>

	Statistics over 15001 steps using 151 frames

   Energies (kJ/mol)
          Angle    Proper Dih. Per. Imp. Dih.          LJ-14     Coulomb-14
    3.19749e+03    4.28922e+03    1.79803e+02    1.62758e+03    1.88330e+04
        LJ (SR)  Disper. corr.   Coulomb (SR)   Coul. recip.      Potential
    8.84403e+04   -4.14223e+03   -5.90290e+05    2.69558e+03   -4.75169e+05
    Kinetic En.   Total Energy  Conserved En.    Temperature Pres. DC (bar)
    7.86801e+04   -3.96489e+05   -3.95951e+05    3.00280e+02   -2.19897e+02
 Pressure (bar)   Constr. rmsd
    4.13846e+00    0.00000e+00

          Box-X          Box-Y          Box-Z
    6.79091e+00    6.79091e+00    6.79091e+00

   Total Virial (kJ/mol)
    2.62558e+04    2.09046e+01    2.42258e+02
    2.05795e+01    2.61403e+04   -3.31072e+01
    2.41905e+02   -3.30496e+01    2.61704e+04

   Pressure (bar)
   -4.76007e+00   -1.74171e+00   -2.56734e+01
   -1.70722e+00    7.68831e+00    1.98551e+00
   -2.56359e+01    1.97938e+00    9.48713e+00

      T-Protein  T-non-Protein
    3.00358e+02    3.00276e+02


	M E G A - F L O P S   A C C O U N T I N G

 NB=Group-cutoff nonbonded kernels    NxN=N-by-N cluster Verlet kernels
 RF=Reaction-Field  VdW=Van der Waals  QSTab=quadratic-spline table
 W3=SPC/TIP3p  W4=TIP4p (single or pairs)
 V&F=Potential and force  V=Potential only  F=Force only

 Computing:                               M-Number         M-Flops  % Flops
-----------------------------------------------------------------------------
 Pair Search distance check            3963.952342       35675.571     0.4
 NxN QSTab Elec. + LJ [F]            121048.019512     4962968.800    52.3
 NxN QSTab Elec. + LJ [V&F]            1230.973416       72627.432     0.8
 NxN QSTab Elec. [F]                 107283.639176     3647643.732    38.4
 NxN QSTab Elec. [V&F]                 1090.934440       44728.312     0.5
 1,4 nonbonded interactions              62.344156        5610.974     0.1
 Calc Weights                          1418.584566       51069.044     0.5
 Spread Q Bspline                     30263.137408       60526.275     0.6
 Gather F Bspline                     30263.137408      181578.824     1.9
 3D-FFT                               41857.830336      334862.643     3.5
 Solve PME                               29.041936        1858.684     0.0
 Reset In Box                            11.820750          35.462     0.0
 CG-CoM                                  11.852272          35.557     0.0
 Angles                                  43.292886        7273.205     0.1
 Propers                                 68.389559       15661.209     0.2
 Impropers                                4.125275         858.057     0.0
 Virial                                  47.382067         852.877     0.0
 Stop-CM                                  4.759822          47.598     0.0
 Calc-Ekin                               94.629044        2554.984     0.0
 Lincs                                   23.656577        1419.395     0.0
 Lincs-Mat                              519.514632        2078.059     0.0
 Constraint-V                           496.713112        4470.418     0.0
 Constraint-Vir                          47.334035        1136.017     0.0
 Settle                                 149.799986       55425.995     0.6
-----------------------------------------------------------------------------
 Total                                                 9490999.123   100.0
-----------------------------------------------------------------------------


    D O M A I N   D E C O M P O S I T I O N   S T A T I S T I C S

 av. #atoms communicated per step for force:  2 x 0.0
 av. #atoms communicated per step for LINCS:  2 x 0.0


     R E A L   C Y C L E   A N D   T I M E   A C C O U N T I N G

On 1 MPI rank, each using 6 OpenMP threads

 Computing:          Num   Num      Call    Wall time         Giga-Cycles
                     Ranks Threads  Count      (s)         total sum    %
-----------------------------------------------------------------------------
 Domain decomp.         1    6        375       1.148         14.470   0.8
 Neighbor search        1    6        376       3.888         48.990   2.8
 Force                  1    6      15001     109.549       1380.316  78.6
 PME mesh               1    6      15001      18.210        229.448  13.1
 NB X/F buffer ops.     1    6      29626       1.518         19.133   1.1
 Write traj.            1    6         31       0.388          4.889   0.3
 Update                 1    6      15001       0.600          7.561   0.4
 Constraints            1    6      15001       3.545         44.667   2.5
 Rest                                           0.484          6.094   0.3
-----------------------------------------------------------------------------
 Total                                        139.331       1755.568 100.0
-----------------------------------------------------------------------------
 Breakdown of PME mesh computation
-----------------------------------------------------------------------------
 PME spread             1    6      15001       5.486         69.122   3.9
 PME gather             1    6      15001       7.554         95.177   5.4
 PME 3D-FFT             1    6      30002       4.475         56.389   3.2
 PME solve Elec         1    6      15001       0.653          8.228   0.5
-----------------------------------------------------------------------------

               Core t (s)   Wall t (s)        (%)
       Time:      835.936      139.331      600.0
                 (ns/day)    (hour/ns)
Performance:       18.604        1.290
Finished mdrun on rank 0 Thu Oct 31 10:46:14 2024

